<?xml version="1.0" encoding="UTF-8"?>
<testsuite name="com.rc.feature.offers.AuthViewModelTest" tests="5" skipped="0" failures="1" errors="0" timestamp="2025-11-03T16:08:48.292Z" hostname="MBPM2-C65XHKNW25-ROSS.local" time="0.835">
  <properties/>
  <testcase name="signUp - should transition from Idle to Loading and then to Error on failure" classname="com.rc.feature.offers.AuthViewModelTest" time="0.805"/>
  <testcase name="signIn - should transition from Idle to Loading and then to Success" classname="com.rc.feature.offers.AuthViewModelTest" time="0.003"/>
  <testcase name="signIn - should transition from Idle to Loading and then to Error on failure" classname="com.rc.feature.offers.AuthViewModelTest" time="0.002"/>
  <testcase name="signUp - should transition from Idle to Loading and then to Success" classname="com.rc.feature.offers.AuthViewModelTest" time="0.003"/>
  <testcase name="signOut should transition to Idle state" classname="com.rc.feature.offers.AuthViewModelTest" time="0.021">
    <failure message="io.mockk.MockKException: no answer found for AuthManager(mockAuthManager#9).signIn-0E7RQCE(john@example.com, password123, continuation {}) among the configured answers: ()" type="io.mockk.MockKException">io.mockk.MockKException: no answer found for AuthManager(mockAuthManager#9).signIn-0E7RQCE(john@example.com, password123, continuation {}) among the configured answers: ()
	at app//io.mockk.impl.stub.MockKStub.defaultAnswer(MockKStub.kt:93)
	at app//io.mockk.impl.stub.MockKStub.answer(MockKStub.kt:44)
	at app//io.mockk.impl.recording.states.AnsweringState.call(AnsweringState.kt:16)
	at app//io.mockk.impl.recording.CommonCallRecorder.call(CommonCallRecorder.kt:53)
	at app//io.mockk.impl.stub.MockKStub.handleInvocation(MockKStub.kt:271)
	at app//io.mockk.impl.instantiation.JvmMockFactoryHelper$mockHandler$1.invocation(JvmMockFactoryHelper.kt:29)
	at app//io.mockk.proxy.jvm.advice.Interceptor.call(Interceptor.kt:21)
	at app//com.rc.feature.offers.auth.AuthManager.signIn-0E7RQCE(AuthManager.kt:15)
	at app//com.rc.feature.offers.auth.AuthViewModel$signIn$1.invokeSuspend(AuthViewModel.kt:32)
	at app//kotlin.coroutines.jvm.internal.BaseContinuationImpl.resumeWith(ContinuationImpl.kt:34)
	at app//kotlinx.coroutines.DispatchedTask.run(DispatchedTask.kt:100)
	at app//kotlinx.coroutines.test.TestDispatcher.processEvent$kotlinx_coroutines_test(TestDispatcher.kt:24)
	at app//kotlinx.coroutines.test.TestCoroutineScheduler.tryRunNextTaskUnless$kotlinx_coroutines_test(TestCoroutineScheduler.kt:99)
	at app//kotlinx.coroutines.test.TestCoroutineScheduler.advanceUntilIdleOr$kotlinx_coroutines_test(TestCoroutineScheduler.kt:118)
	at app//kotlinx.coroutines.test.TestCoroutineScheduler.advanceUntilIdle(TestCoroutineScheduler.kt:111)
	at app//com.rc.feature.offers.AuthViewModelTest$signOut should transition to Idle state$1.invokeSuspend(AuthViewModelTest.kt:147)
	at app//com.rc.feature.offers.AuthViewModelTest$signOut should transition to Idle state$1.invoke(AuthViewModelTest.kt)
	at app//com.rc.feature.offers.AuthViewModelTest$signOut should transition to Idle state$1.invoke(AuthViewModelTest.kt)
	at app//kotlinx.coroutines.test.TestBuildersKt__TestBuildersKt$runTest$2$1$1.invokeSuspend(TestBuilders.kt:317)
	at app//kotlin.coroutines.jvm.internal.BaseContinuationImpl.resumeWith(ContinuationImpl.kt:34)
	at app//kotlinx.coroutines.DispatchedTask.run(DispatchedTask.kt:100)
	at app//kotlinx.coroutines.test.TestDispatcher.processEvent$kotlinx_coroutines_test(TestDispatcher.kt:24)
	at app//kotlinx.coroutines.test.TestCoroutineScheduler.tryRunNextTaskUnless$kotlinx_coroutines_test(TestCoroutineScheduler.kt:99)
	at app//kotlinx.coroutines.test.TestBuildersKt__TestBuildersKt$runTest$2$1$workRunner$1.invokeSuspend(TestBuilders.kt:326)
	at app//kotlin.coroutines.jvm.internal.BaseContinuationImpl.resumeWith(ContinuationImpl.kt:34)
	at app//kotlinx.coroutines.DispatchedTask.run(DispatchedTask.kt:100)
	at app//kotlinx.coroutines.EventLoopImplBase.processNextEvent(EventLoop.common.kt:263)
	at app//kotlinx.coroutines.BlockingCoroutine.joinBlocking(Builders.kt:94)
	at app//kotlinx.coroutines.BuildersKt__BuildersKt.runBlocking(Builders.kt:70)
	at app//kotlinx.coroutines.BuildersKt.runBlocking(Unknown Source)
	at app//kotlinx.coroutines.BuildersKt__BuildersKt.runBlocking$default(Builders.kt:48)
	at app//kotlinx.coroutines.BuildersKt.runBlocking$default(Unknown Source)
	at app//kotlinx.coroutines.test.TestBuildersJvmKt.createTestResult(TestBuildersJvm.kt:10)
	at app//kotlinx.coroutines.test.TestBuildersKt__TestBuildersKt.runTest-8Mi8wO0(TestBuilders.kt:309)
	at app//kotlinx.coroutines.test.TestBuildersKt.runTest-8Mi8wO0(Unknown Source)
	at app//kotlinx.coroutines.test.TestBuildersKt__TestBuildersKt.runTest-8Mi8wO0(TestBuilders.kt:167)
	at app//kotlinx.coroutines.test.TestBuildersKt.runTest-8Mi8wO0(Unknown Source)
	at app//kotlinx.coroutines.test.TestBuildersKt__TestBuildersKt.runTest-8Mi8wO0$default(TestBuilders.kt:159)
	at app//kotlinx.coroutines.test.TestBuildersKt.runTest-8Mi8wO0$default(Unknown Source)
	at app//com.rc.feature.offers.AuthViewModelTest.signOut should transition to Idle state(AuthViewModelTest.kt:143)
	at java.base@17.0.15/jdk.internal.reflect.NativeMethodAccessorImpl.invoke0(Native Method)
	at java.base@17.0.15/jdk.internal.reflect.NativeMethodAccessorImpl.invoke(NativeMethodAccessorImpl.java:77)
	at java.base@17.0.15/jdk.internal.reflect.DelegatingMethodAccessorImpl.invoke(DelegatingMethodAccessorImpl.java:43)
	at java.base@17.0.15/java.lang.reflect.Method.invoke(Method.java:569)
	at app//org.junit.runners.model.FrameworkMethod$1.runReflectiveCall(FrameworkMethod.java:59)
	at app//org.junit.internal.runners.model.ReflectiveCallable.run(ReflectiveCallable.java:12)
	at app//org.junit.runners.model.FrameworkMethod.invokeExplosively(FrameworkMethod.java:56)
	at app//org.junit.internal.runners.statements.InvokeMethod.evaluate(InvokeMethod.java:17)
	at app//org.junit.internal.runners.statements.RunBefores.evaluate(RunBefores.java:26)
	at app//org.junit.internal.runners.statements.RunAfters.evaluate(RunAfters.java:27)
	at app//org.junit.runners.ParentRunner$3.evaluate(ParentRunner.java:306)
	at app//org.junit.runners.BlockJUnit4ClassRunner$1.evaluate(BlockJUnit4ClassRunner.java:100)
	at app//org.junit.runners.ParentRunner.runLeaf(ParentRunner.java:366)
	at app//org.junit.runners.BlockJUnit4ClassRunner.runChild(BlockJUnit4ClassRunner.java:103)
	at app//org.junit.runners.BlockJUnit4ClassRunner.runChild(BlockJUnit4ClassRunner.java:63)
	at app//org.junit.runners.ParentRunner$4.run(ParentRunner.java:331)
	at app//org.junit.runners.ParentRunner$1.schedule(ParentRunner.java:79)
	at app//org.junit.runners.ParentRunner.runChildren(ParentRunner.java:329)
	at app//org.junit.runners.ParentRunner.access$100(ParentRunner.java:66)
	at app//org.junit.runners.ParentRunner$2.evaluate(ParentRunner.java:293)
	at app//org.junit.runners.ParentRunner$3.evaluate(ParentRunner.java:306)
	at app//org.junit.runners.ParentRunner.run(ParentRunner.java:413)
	at org.gradle.api.internal.tasks.testing.junit.JUnitTestClassExecutor.runTestClass(JUnitTestClassExecutor.java:112)
	at org.gradle.api.internal.tasks.testing.junit.JUnitTestClassExecutor.execute(JUnitTestClassExecutor.java:58)
	at org.gradle.api.internal.tasks.testing.junit.JUnitTestClassExecutor.execute(JUnitTestClassExecutor.java:40)
	at org.gradle.api.internal.tasks.testing.junit.AbstractJUnitTestClassProcessor.processTestClass(AbstractJUnitTestClassProcessor.java:54)
	at org.gradle.api.internal.tasks.testing.SuiteTestClassProcessor.processTestClass(SuiteTestClassProcessor.java:53)
	at java.base@17.0.15/jdk.internal.reflect.NativeMethodAccessorImpl.invoke0(Native Method)
	at java.base@17.0.15/jdk.internal.reflect.NativeMethodAccessorImpl.invoke(NativeMethodAccessorImpl.java:77)
	at java.base@17.0.15/jdk.internal.reflect.DelegatingMethodAccessorImpl.invoke(DelegatingMethodAccessorImpl.java:43)
	at java.base@17.0.15/java.lang.reflect.Method.invoke(Method.java:569)
	at org.gradle.internal.dispatch.ReflectionDispatch.dispatch(ReflectionDispatch.java:36)
	at org.gradle.internal.dispatch.ReflectionDispatch.dispatch(ReflectionDispatch.java:24)
	at org.gradle.internal.dispatch.ContextClassLoaderDispatch.dispatch(ContextClassLoaderDispatch.java:33)
	at org.gradle.internal.dispatch.ProxyDispatchAdapter$DispatchingInvocationHandler.invoke(ProxyDispatchAdapter.java:92)
	at jdk.proxy1/jdk.proxy1.$Proxy4.processTestClass(Unknown Source)
	at org.gradle.api.internal.tasks.testing.worker.TestWorker$2.run(TestWorker.java:183)
	at org.gradle.api.internal.tasks.testing.worker.TestWorker.executeAndMaintainThreadName(TestWorker.java:132)
	at org.gradle.api.internal.tasks.testing.worker.TestWorker.execute(TestWorker.java:103)
	at org.gradle.api.internal.tasks.testing.worker.TestWorker.execute(TestWorker.java:63)
	at org.gradle.process.internal.worker.child.ActionExecutionWorker.execute(ActionExecutionWorker.java:56)
	at org.gradle.process.internal.worker.child.SystemApplicationClassLoaderWorker.call(SystemApplicationClassLoaderWorker.java:121)
	at org.gradle.process.internal.worker.child.SystemApplicationClassLoaderWorker.call(SystemApplicationClassLoaderWorker.java:71)
	at app//worker.org.gradle.process.internal.worker.GradleWorkerMain.run(GradleWorkerMain.java:69)
	at app//worker.org.gradle.process.internal.worker.GradleWorkerMain.main(GradleWorkerMain.java:74)
</failure>
  </testcase>
  <system-out><![CDATA[]]></system-out>
  <system-err><![CDATA[]]></system-err>
</testsuite>
